<?xml version="1.0" encoding="UTF-8"?>
<!-- Generated by org.testng.reporters.JUnitXMLReporter -->
<testsuite hostname="phanitej" ignored="0" name="HRM LoginTest" tests="3" failures="0" timestamp="22 Dec 2021 19:51:45 GMT" time="12.564" errors="0">
  <testcase name="set_LoginCredentials" time="0.566" classname="com.HRM.testCases.Tc_001_LoginIntoAppWithValidCreds"/>
  <testcase name="click_onLoginButton" time="1.537" classname="com.HRM.testCases.Tc_001_LoginIntoAppWithValidCreds"/>
  <testcase name="verifyTheTitle_AfterLogin" time="0.027" classname="com.HRM.testCases.Tc_001_LoginIntoAppWithValidCreds"/>
</testsuite> <!-- HRM LoginTest -->
