<?xml version="1.0" encoding="UTF-8"?>
<!-- Generated by org.testng.reporters.JUnitXMLReporter -->
<testsuite hostname="phanitej" ignored="0" name="HRM CreateNewUserAndLoginUsingNewlyCreatedUser" tests="5" failures="0" timestamp="20 Dec 2021 04:54:53 GMT" time="44.965" errors="0">
  <testcase name="set_LoginCredentials" time="0.531" classname="com.HRM.testCases.Tc_002_CreateNewEmployeeAndLoginWithNewEmployee"/>
  <testcase name="click_onLoginButton" time="9.194" classname="com.HRM.testCases.Tc_002_CreateNewEmployeeAndLoginWithNewEmployee"/>
  <testcase name="creatingNewUser" time="10.912" classname="com.HRM.testCases.Tc_002_CreateNewEmployeeAndLoginWithNewEmployee"/>
  <testcase name="logOutFromHRMApplication" time="8.09" classname="com.HRM.testCases.Tc_002_CreateNewEmployeeAndLoginWithNewEmployee"/>
  <testcase name="loginWithNewlyCreatedUser" time="4.192" classname="com.HRM.testCases.Tc_002_CreateNewEmployeeAndLoginWithNewEmployee"/>
</testsuite> <!-- HRM CreateNewUserAndLoginUsingNewlyCreatedUser -->
