<?xml version="1.0" encoding="UTF-8"?>
<testng-results skipped="0" failed="0" ignored="0" total="3" passed="3">
  <reporter-output>
  </reporter-output>
  <suite name="OrangeHRM Regression Suite" duration-ms="12564" started-at="2021-12-22T19:51:32Z" finished-at="2021-12-22T19:51:45Z">
    <groups>
    </groups>
    <test name="HRM LoginTest" duration-ms="12564" started-at="2021-12-22T19:51:32Z" finished-at="2021-12-22T19:51:45Z">
      <class name="com.HRM.testCases.Tc_001_LoginIntoAppWithValidCreds">
        <test-method status="PASS" signature="setup(java.lang.String)[pri:0, instance:com.HRM.testCases.Tc_001_LoginIntoAppWithValidCreds@64616ca2]" name="setup" is-config="true" duration-ms="8708" started-at="2021-12-22T19:51:33Z" finished-at="2021-12-22T19:51:41Z">
          <params>
            <param index="0">
              <value>
                <![CDATA[chrome]]>
              </value>
            </param>
          </params>
          <reporter-output>
          </reporter-output>
        </test-method> <!-- setup -->
        <test-method status="PASS" signature="set_LoginCredentials()[pri:1, instance:com.HRM.testCases.Tc_001_LoginIntoAppWithValidCreds@64616ca2]" name="set_LoginCredentials" duration-ms="566" started-at="2021-12-22T19:51:41Z" finished-at="2021-12-22T19:51:42Z">
          <reporter-output>
          </reporter-output>
        </test-method> <!-- set_LoginCredentials -->
        <test-method status="PASS" signature="click_onLoginButton()[pri:2, instance:com.HRM.testCases.Tc_001_LoginIntoAppWithValidCreds@64616ca2]" name="click_onLoginButton" duration-ms="1537" started-at="2021-12-22T19:51:42Z" finished-at="2021-12-22T19:51:43Z">
          <reporter-output>
          </reporter-output>
        </test-method> <!-- click_onLoginButton -->
        <test-method status="PASS" signature="verifyTheTitle_AfterLogin()[pri:3, instance:com.HRM.testCases.Tc_001_LoginIntoAppWithValidCreds@64616ca2]" name="verifyTheTitle_AfterLogin" duration-ms="27" started-at="2021-12-22T19:51:43Z" finished-at="2021-12-22T19:51:43Z">
          <reporter-output>
          </reporter-output>
        </test-method> <!-- verifyTheTitle_AfterLogin -->
        <test-method status="PASS" signature="tearDown()[pri:0, instance:com.HRM.testCases.Tc_001_LoginIntoAppWithValidCreds@64616ca2]" name="tearDown" is-config="true" duration-ms="1343" started-at="2021-12-22T19:51:43Z" finished-at="2021-12-22T19:51:45Z">
          <reporter-output>
          </reporter-output>
        </test-method> <!-- tearDown -->
      </class> <!-- com.HRM.testCases.Tc_001_LoginIntoAppWithValidCreds -->
    </test> <!-- HRM LoginTest -->
  </suite> <!-- OrangeHRM Regression Suite -->
</testng-results>
