<?xml version="1.0" encoding="UTF-8"?>
<testsuite name="TestSuite" time="2.127" tests="3" errors="0" skipped="0" failures="0">
  <properties>
[...]
</properties>
  <testcase name="set_LoginCredentials" classname="com.HRM.testCases.Tc_001_LoginIntoAppWithValidCreds" time="0.561"/>
  <testcase name="click_onLoginButton" classname="com.HRM.testCases.Tc_001_LoginIntoAppWithValidCreds" time="1.539"/>
  <testcase name="verifyTheTitle_AfterLogin" classname="com.HRM.testCases.Tc_001_LoginIntoAppWithValidCreds" time="0.027"/>
</testsuite>